2024-04-06 21:01:56,385 - INFO - Received request for predictions for date: 2024-01-05
2024-04-06 21:01:56,455 - INFO - Returning predictions for date: 2024-01-05
2024-04-06 21:04:51,897 - INFO - Running api/main.py
2024-04-06 21:04:51,898 - INFO - Creating connection...
2024-04-06 21:04:51,898 - INFO - Connection created successfully
2024-04-06 21:04:51,899 - INFO - Refreshing database...
2024-04-06 21:04:51,899 - INFO - Getting data from Open Meteo API Client...
2024-04-06 21:04:51,962 - INFO - Saving to database weather...
2024-04-06 21:04:52,072 - INFO - Saving to database training...
2024-04-06 21:04:52,171 - INFO - Retrieving training data...
2024-04-06 21:13:45,211 - INFO - Running api/main.py
2024-04-06 21:13:45,212 - INFO - Creating connection...
2024-04-06 21:13:45,214 - INFO - Connection created successfully
2024-04-06 21:13:45,214 - INFO - Refreshing database...
2024-04-06 21:13:45,215 - INFO - Getting data from Open Meteo API Client...
2024-04-06 21:13:45,289 - INFO - Saving to database weather...
2024-04-06 21:13:45,436 - INFO - Saving to database training...
2024-04-06 21:13:45,543 - INFO - Retrieving training data...
2024-04-06 21:13:56,309 - INFO - Saving to database averages_month...
2024-04-06 21:13:56,335 - INFO - Saving to database averages_year...
2024-04-06 21:13:56,361 - INFO - Saving to database averages_season...
2024-04-06 21:13:56,385 - INFO - Saving to database averages_time_of_day...
2024-04-06 21:13:56,408 - INFO - Saving to database averages_years_average...
2024-04-06 21:13:56,449 - INFO - Model already exists. Skipping model creation and training.
2024-04-06 21:14:33,775 - INFO - Redirecting from "/" to "/docs"
2024-04-06 21:14:37,601 - INFO - Redirecting from "/" to "/docs"
2024-04-06 21:15:22,605 - INFO - Redirecting from "/" to "/docs"
2024-04-06 22:46:04,586 - INFO - Running api/main.py
2024-04-06 22:46:04,587 - INFO - Creating connection...
2024-04-06 22:46:04,588 - INFO - Connection created successfully
2024-04-06 22:46:04,589 - INFO - Refreshing database...
2024-04-06 22:46:04,589 - INFO - Getting data from Open Meteo API Client...
2024-04-06 22:46:04,657 - INFO - Saving to database weather...
2024-04-06 22:46:04,760 - INFO - Saving to database training...
2024-04-06 22:46:04,870 - INFO - Retrieving training data...
2024-04-06 22:46:15,075 - INFO - Saving to database averages_month...
2024-04-06 22:46:15,096 - INFO - Saving to database averages_year...
2024-04-06 22:46:15,121 - INFO - Saving to database averages_season...
2024-04-06 22:46:15,144 - INFO - Saving to database averages_time_of_day...
2024-04-06 22:46:15,165 - INFO - Saving to database averages_years_average...
2024-04-06 22:46:15,203 - INFO - Model already exists. Skipping model creation and training.
2024-04-06 22:49:47,808 - INFO - Running api/main.py
2024-04-06 22:49:47,809 - INFO - Creating connection...
2024-04-06 22:49:47,810 - INFO - Connection created successfully
2024-04-06 22:49:47,810 - INFO - Refreshing database...
2024-04-06 22:49:47,810 - INFO - Getting data from Open Meteo API Client...
2024-04-06 22:49:47,831 - INFO - Saving to database weather...
2024-04-06 22:49:47,918 - INFO - Saving to database training...
2024-04-06 22:49:47,986 - INFO - Retrieving training data...
2024-04-06 22:49:58,706 - INFO - Saving to database averages_month...
2024-04-06 22:49:58,745 - INFO - Saving to database averages_year...
2024-04-06 22:49:58,773 - INFO - Saving to database averages_season...
2024-04-06 22:49:58,799 - INFO - Saving to database averages_time_of_day...
2024-04-06 22:49:58,838 - INFO - Saving to database averages_years_average...
2024-04-06 22:49:58,942 - INFO - Model already exists. Skipping model creation and training.
2024-04-06 22:51:32,285 - INFO - Running api/main.py
2024-04-06 22:51:32,286 - INFO - Creating connection...
2024-04-06 22:51:32,286 - INFO - Connection created successfully
2024-04-06 22:51:32,288 - INFO - Refreshing database...
2024-04-06 22:51:32,288 - INFO - Getting data from Open Meteo API Client...
2024-04-06 22:51:32,312 - INFO - Saving to database weather...
2024-04-06 22:51:32,393 - INFO - Saving to database training...
2024-04-06 22:51:32,478 - INFO - Retrieving training data...
2024-04-06 22:51:43,432 - INFO - Saving to database averages_month...
2024-04-06 22:51:43,459 - INFO - Saving to database averages_year...
2024-04-06 22:51:43,481 - INFO - Saving to database averages_season...
2024-04-06 22:51:43,505 - INFO - Saving to database averages_time_of_day...
2024-04-06 22:51:43,525 - INFO - Saving to database averages_years_average...
2024-04-06 22:51:43,565 - INFO - Model already exists. Skipping model creation and training.
2024-04-06 22:53:36,016 - INFO - Running api/main.py
2024-04-06 22:53:36,017 - INFO - Creating connection...
2024-04-06 22:53:36,017 - INFO - Connection created successfully
2024-04-06 22:53:36,018 - INFO - Refreshing database...
2024-04-06 22:53:36,018 - INFO - Getting data from Open Meteo API Client...
2024-04-06 22:53:36,087 - INFO - Saving to database weather...
2024-04-06 22:53:36,187 - INFO - Saving to database training...
2024-04-06 22:53:36,257 - INFO - Retrieving training data...
2024-04-06 22:53:46,328 - INFO - Saving to database averages_month...
2024-04-06 22:53:46,354 - INFO - Saving to database averages_year...
2024-04-06 22:53:46,376 - INFO - Saving to database averages_season...
2024-04-06 22:53:46,398 - INFO - Saving to database averages_time_of_day...
2024-04-06 22:53:46,419 - INFO - Saving to database averages_years_average...
2024-04-06 22:53:46,464 - INFO - Model already exists. Skipping model creation and training.
2024-04-06 22:57:36,830 - INFO - Running api/main.py
2024-04-06 22:57:36,830 - INFO - Creating connection...
2024-04-06 22:57:36,831 - INFO - Connection created successfully
2024-04-06 22:57:36,832 - INFO - Refreshing database...
2024-04-06 22:57:36,832 - INFO - Getting data from Open Meteo API Client...
2024-04-06 22:57:36,855 - INFO - Saving to database weather...
2024-04-06 22:57:36,956 - INFO - Saving to database training...
2024-04-06 22:57:37,038 - INFO - Retrieving training data...
2024-04-06 22:57:48,825 - INFO - Saving to database averages_month...
2024-04-06 22:57:48,841 - INFO - Saving to database averages_year...
2024-04-06 22:57:48,856 - INFO - Saving to database averages_season...
2024-04-06 22:57:48,872 - INFO - Saving to database averages_time_of_day...
2024-04-06 22:57:48,888 - INFO - Saving to database averages_years_average...
2024-04-06 22:57:48,921 - INFO - Model already exists. Skipping model creation and training.
2024-04-06 23:09:45,362 - INFO - HTTP Request: GET http://testserver/predictions/2024-01-05/2024-01-10 "HTTP/1.1 404 Not Found"
2024-04-06 23:09:45,375 - INFO - Version request received
2024-04-06 23:09:45,379 - INFO - HTTP Request: GET http://testserver/version/ "HTTP/1.1 200 OK"
2024-04-06 23:11:40,833 - INFO - Version request received
2024-04-06 23:11:40,840 - INFO - HTTP Request: GET http://testserver/version/ "HTTP/1.1 200 OK"
2024-04-06 23:13:22,532 - INFO - HTTP Request: GET http://testserver/combined_predictions/2024-01-05/2024-01-10 "HTTP/1.1 307 Temporary Redirect"
2024-04-06 23:13:22,549 - INFO - start_date and end_date : 2024-01-05 , 2024-01-10
2024-04-06 23:13:22,552 - INFO - Creating connection...
2024-04-06 23:13:22,556 - INFO - Connection created successfully
2024-04-06 23:13:22,558 - INFO - Preparing Data for predictions ... 
2024-04-06 23:13:22,896 - INFO - Get training averages from db...
2024-04-06 23:13:22,946 - INFO - Predicting ... 
2024-04-06 23:13:22,957 - INFO - Retrieving True Labels...
2024-04-06 23:13:23,061 - INFO - Saving to database predictions...
2024-04-06 23:13:23,119 - INFO - HTTP Request: GET http://testserver/combined_predictions/2024-01-05/2024-01-10/ "HTTP/1.1 200 OK"
2024-04-06 23:13:23,140 - INFO - HTTP Request: GET http://testserver/predictions/2024-01-05 "HTTP/1.1 307 Temporary Redirect"
2024-04-06 23:13:23,150 - INFO - Received request for predictions for date: 2024-01-05
2024-04-06 23:13:23,151 - INFO - Creating connection...
2024-04-06 23:13:23,153 - INFO - Connection created successfully
2024-04-06 23:13:23,158 - INFO - Preparing Data for predictions ... 
2024-04-06 23:13:23,317 - INFO - Get training averages from db...
2024-04-06 23:13:23,362 - INFO - Predicting ... 
2024-04-06 23:13:23,377 - INFO - Retrieving True Labels...
2024-04-06 23:13:23,457 - INFO - Saving to database predictions...
2024-04-06 23:13:23,495 - INFO - Returning predictions for date: 2024-01-05
2024-04-06 23:13:23,500 - INFO - HTTP Request: GET http://testserver/predictions/2024-01-05/ "HTTP/1.1 200 OK"
2024-04-06 23:13:23,509 - INFO - Version request received
2024-04-06 23:13:23,513 - INFO - HTTP Request: GET http://testserver/version/ "HTTP/1.1 200 OK"
2024-04-06 23:14:31,988 - INFO - HTTP Request: GET http://testserver/combined_predictions/2024-01-05/2024-01-10 "HTTP/1.1 307 Temporary Redirect"
2024-04-06 23:14:31,999 - INFO - start_date and end_date : 2024-01-05 , 2024-01-10
2024-04-06 23:14:32,000 - INFO - Creating connection...
2024-04-06 23:14:32,001 - INFO - Connection created successfully
2024-04-06 23:14:32,002 - INFO - Preparing Data for predictions ... 
2024-04-06 23:14:32,168 - INFO - Get training averages from db...
2024-04-06 23:14:32,191 - INFO - Predicting ... 
2024-04-06 23:14:32,199 - INFO - Retrieving True Labels...
2024-04-06 23:14:32,259 - INFO - Saving to database predictions...
2024-04-06 23:14:32,304 - INFO - HTTP Request: GET http://testserver/combined_predictions/2024-01-05/2024-01-10/ "HTTP/1.1 200 OK"
2024-04-06 23:14:32,314 - INFO - HTTP Request: GET http://testserver/predictions/2024-01-05 "HTTP/1.1 307 Temporary Redirect"
2024-04-06 23:14:32,322 - INFO - Received request for predictions for date: 2024-01-05
2024-04-06 23:14:32,323 - INFO - Creating connection...
2024-04-06 23:14:32,324 - INFO - Connection created successfully
2024-04-06 23:14:32,325 - INFO - Preparing Data for predictions ... 
2024-04-06 23:14:32,370 - INFO - Get training averages from db...
2024-04-06 23:14:32,390 - INFO - Predicting ... 
2024-04-06 23:14:32,396 - INFO - Retrieving True Labels...
2024-04-06 23:14:32,415 - INFO - Saving to database predictions...
2024-04-06 23:14:32,428 - INFO - Returning predictions for date: 2024-01-05
2024-04-06 23:14:32,434 - INFO - HTTP Request: GET http://testserver/predictions/2024-01-05/ "HTTP/1.1 200 OK"
2024-04-06 23:14:32,442 - INFO - Version request received
2024-04-06 23:14:32,446 - INFO - HTTP Request: GET http://testserver/version/ "HTTP/1.1 200 OK"
2024-04-06 23:17:01,219 - INFO - HTTP Request: GET http://testserver/combined_predictions/2024-01-05/2024-01-10 "HTTP/1.1 307 Temporary Redirect"
2024-04-06 23:17:01,227 - INFO - start_date and end_date : 2024-01-05 , 2024-01-10
2024-04-06 23:17:01,228 - INFO - Creating connection...
2024-04-06 23:17:01,229 - INFO - Connection created successfully
2024-04-06 23:17:01,230 - INFO - Preparing Data for predictions ... 
2024-04-06 23:17:01,394 - INFO - Get training averages from db...
2024-04-06 23:17:01,416 - INFO - Predicting ... 
2024-04-06 23:17:01,424 - INFO - Retrieving True Labels...
2024-04-06 23:17:01,468 - INFO - Saving to database predictions...
2024-04-06 23:17:01,504 - INFO - HTTP Request: GET http://testserver/combined_predictions/2024-01-05/2024-01-10/ "HTTP/1.1 200 OK"
2024-04-06 23:17:01,511 - INFO - HTTP Request: GET http://testserver/predictions/2024-01-05 "HTTP/1.1 307 Temporary Redirect"
2024-04-06 23:17:01,518 - INFO - Received request for predictions for date: 2024-01-05
2024-04-06 23:17:01,519 - INFO - Creating connection...
2024-04-06 23:17:01,520 - INFO - Connection created successfully
2024-04-06 23:17:01,521 - INFO - Preparing Data for predictions ... 
2024-04-06 23:17:01,564 - INFO - Get training averages from db...
2024-04-06 23:17:01,581 - INFO - Predicting ... 
2024-04-06 23:17:01,583 - INFO - Retrieving True Labels...
2024-04-06 23:17:01,594 - INFO - Saving to database predictions...
2024-04-06 23:17:01,611 - INFO - Returning predictions for date: 2024-01-05
2024-04-06 23:17:01,617 - INFO - HTTP Request: GET http://testserver/predictions/2024-01-05/ "HTTP/1.1 200 OK"
2024-04-06 23:17:01,625 - INFO - Version request received
2024-04-06 23:17:01,629 - INFO - HTTP Request: GET http://testserver/version/ "HTTP/1.1 200 OK"
2024-04-07 00:03:00,644 - INFO - Running api/main.py
2024-04-07 00:03:00,646 - INFO - Creating connection...
2024-04-07 00:03:00,650 - INFO - Connection created successfully
2024-04-07 00:03:00,652 - INFO - Refreshing database...
2024-04-07 00:03:00,655 - INFO - Getting data from Open Meteo API Client...
2024-04-07 00:06:24,942 - INFO - Running api/main.py
2024-04-07 00:06:24,944 - INFO - Creating connection...
2024-04-07 00:06:24,945 - INFO - Connection created successfully
2024-04-07 00:06:24,945 - INFO - Refreshing database...
2024-04-07 00:06:24,946 - INFO - Getting data from Open Meteo API Client...
2024-04-07 00:06:25,050 - INFO - Saving to database weather...
2024-04-07 00:06:25,417 - INFO - Saving to database training...
2024-04-07 00:06:25,738 - INFO - Retrieving training data...
2024-04-07 00:06:58,182 - INFO - Saving to database averages_month...
2024-04-07 00:06:58,249 - INFO - Saving to database averages_year...
2024-04-07 00:06:58,287 - INFO - Saving to database averages_season...
2024-04-07 00:06:58,348 - INFO - Saving to database averages_time_of_day...
2024-04-07 00:06:58,383 - INFO - Saving to database averages_years_average...
2024-04-07 00:06:58,485 - INFO - Model already exists. Skipping model creation and training.
2024-04-07 00:06:58,486 - INFO - Preparing Data for predictions ... 
2024-04-07 00:06:58,795 - INFO - Get training averages from db...
2024-04-07 00:06:58,833 - INFO - Predicting ... 
2024-04-07 00:06:58,844 - INFO - Retrieving True Labels...
2024-04-07 00:06:58,940 - INFO - Saving to database predictions...
2024-04-07 00:09:38,827 - INFO - Running api/main.py
2024-04-07 00:09:38,829 - INFO - Creating connection...
2024-04-07 00:09:38,830 - INFO - Connection created successfully
2024-04-07 00:09:38,831 - INFO - Refreshing database...
2024-04-07 00:09:38,832 - INFO - Getting data from Open Meteo API Client...
2024-04-07 00:09:38,939 - INFO - Saving to database weather...
2024-04-07 00:09:39,187 - INFO - Saving to database training...
2024-04-07 00:09:39,399 - INFO - Retrieving training data...
2024-04-07 00:10:10,291 - INFO - Saving to database averages_month...
2024-04-07 00:10:10,343 - INFO - Saving to database averages_year...
2024-04-07 00:10:10,389 - INFO - Saving to database averages_season...
2024-04-07 00:10:10,425 - INFO - Saving to database averages_time_of_day...
2024-04-07 00:10:10,470 - INFO - Saving to database averages_years_average...
2024-04-07 00:10:10,558 - INFO - Model already exists. Skipping model creation and training.
2024-04-07 00:10:10,559 - INFO - Preparing Data for predictions ... 
2024-04-07 00:10:10,745 - INFO - Get training averages from db...
2024-04-07 00:10:10,768 - INFO - Predicting ... 
2024-04-07 00:10:10,773 - INFO - Retrieving True Labels...
2024-04-07 00:10:10,843 - INFO - Saving to database predictions...
2024-04-07 00:12:42,015 - INFO - Running api/main.py
2024-04-07 00:12:42,020 - INFO - Creating connection...
2024-04-07 00:12:42,022 - INFO - Connection created successfully
2024-04-07 00:12:42,023 - INFO - Refreshing database...
2024-04-07 00:12:42,024 - INFO - Getting data from Open Meteo API Client...
2024-04-07 00:12:42,141 - INFO - Saving to database weather...
2024-04-07 00:12:42,461 - INFO - Saving to database training...
2024-04-07 00:12:42,792 - INFO - Retrieving training data...
2024-04-07 00:13:13,596 - INFO - Saving to database averages_month...
2024-04-07 00:13:13,700 - INFO - Saving to database averages_year...
2024-04-07 00:13:13,793 - INFO - Saving to database averages_season...
2024-04-07 00:13:13,918 - INFO - Saving to database averages_time_of_day...
2024-04-07 00:13:14,003 - INFO - Saving to database averages_years_average...
2024-04-07 00:13:14,168 - INFO - Model already exists. Skipping model creation and training.
2024-04-07 00:13:14,169 - INFO - Preparing Data for predictions ... 
2024-04-07 00:13:14,559 - INFO - Get training averages from db...
2024-04-07 00:13:14,696 - INFO - Predicting ... 
2024-04-07 00:13:14,755 - INFO - Retrieving True Labels...
2024-04-07 00:13:15,025 - INFO - Saving to database predictions...
2024-04-07 00:13:46,088 - INFO - Running api/main.py
2024-04-07 00:13:46,091 - INFO - Creating connection...
2024-04-07 00:13:46,092 - INFO - Connection created successfully
2024-04-07 00:13:46,093 - INFO - Refreshing database...
2024-04-07 00:13:46,095 - INFO - Getting data from Open Meteo API Client...
2024-04-07 00:13:46,209 - INFO - Saving to database weather...
2024-04-07 00:13:46,461 - INFO - Saving to database training...
2024-04-07 00:13:46,666 - INFO - Retrieving training data...
2024-04-07 00:14:21,713 - INFO - Saving to database averages_month...
2024-04-07 00:14:21,840 - INFO - Saving to database averages_year...
2024-04-07 00:14:21,873 - INFO - Saving to database averages_season...
2024-04-07 00:14:21,916 - INFO - Saving to database averages_time_of_day...
2024-04-07 00:14:21,960 - INFO - Saving to database averages_years_average...
2024-04-07 00:14:22,089 - INFO - Model already exists. Skipping model creation and training.
2024-04-07 00:14:22,090 - INFO - Preparing Data for predictions ... 
2024-04-07 00:14:22,474 - INFO - Get training averages from db...
2024-04-07 00:14:22,528 - INFO - Predicting ... 
2024-04-07 00:14:22,578 - INFO - Retrieving True Labels...
2024-04-07 00:14:22,720 - INFO - Saving to database predictions...
2024-04-07 00:17:24,415 - INFO - Running api/main.py
2024-04-07 00:17:24,425 - INFO - Creating connection...
2024-04-07 00:17:24,426 - INFO - Connection created successfully
2024-04-07 00:17:24,427 - INFO - Refreshing database...
2024-04-07 00:17:24,428 - INFO - Getting data from Open Meteo API Client...
2024-04-07 00:17:24,544 - INFO - Saving to database weather...
2024-04-07 00:17:24,779 - INFO - Saving to database training...
2024-04-07 00:17:24,989 - INFO - Retrieving training data...
2024-04-07 00:17:56,045 - INFO - Saving to database averages_month...
2024-04-07 00:17:56,089 - INFO - Saving to database averages_year...
2024-04-07 00:17:56,127 - INFO - Saving to database averages_season...
2024-04-07 00:17:56,182 - INFO - Saving to database averages_time_of_day...
2024-04-07 00:17:56,218 - INFO - Saving to database averages_years_average...
2024-04-07 00:17:56,321 - INFO - Model already exists. Skipping model creation and training.
2024-04-07 00:17:56,321 - INFO - Preparing Data for predictions ... 
2024-04-07 00:17:56,604 - INFO - Get training averages from db...
2024-04-07 00:17:56,645 - INFO - Predicting ... 
2024-04-07 00:17:56,655 - INFO - Retrieving True Labels...
2024-04-07 00:17:56,751 - INFO - Saving to database predictions...
2024-04-07 00:20:44,570 - INFO - Running api/main.py
2024-04-07 00:20:44,581 - INFO - Creating connection...
2024-04-07 00:20:44,582 - INFO - Connection created successfully
2024-04-07 00:20:44,582 - INFO - Refreshing database...
2024-04-07 00:20:44,583 - INFO - Getting data from Open Meteo API Client...
2024-04-07 00:20:44,830 - INFO - Saving to database weather...
2024-04-07 00:20:45,662 - INFO - Saving to database training...
2024-04-07 00:20:45,989 - INFO - Retrieving training data...
2024-04-07 00:21:16,021 - INFO - Saving to database averages_month...
2024-04-07 00:21:16,073 - INFO - Saving to database averages_year...
2024-04-07 00:21:16,161 - INFO - Saving to database averages_season...
2024-04-07 00:21:16,208 - INFO - Saving to database averages_time_of_day...
2024-04-07 00:21:16,252 - INFO - Saving to database averages_years_average...
2024-04-07 00:21:16,365 - INFO - Model already exists. Skipping model creation and training.
2024-04-07 00:21:16,367 - INFO - Preparing Data for predictions ... 
2024-04-07 00:21:16,602 - INFO - Get training averages from db...
2024-04-07 00:21:16,624 - INFO - Predicting ... 
2024-04-07 00:21:16,633 - INFO - Retrieving True Labels...
2024-04-07 00:21:16,735 - INFO - Saving to database predictions...
2024-04-07 00:24:46,011 - INFO - Running api/main.py
2024-04-07 00:24:46,046 - INFO - Creating connection...
2024-04-07 00:24:46,047 - INFO - Connection created successfully
2024-04-07 00:24:46,048 - INFO - Refreshing database...
2024-04-07 00:24:46,048 - INFO - Getting data from Open Meteo API Client...
2024-04-07 00:24:46,432 - INFO - Saving to database weather...
2024-04-07 00:24:47,674 - INFO - Saving to database training...
2024-04-07 00:24:48,180 - INFO - Retrieving training data...
2024-04-07 00:25:21,118 - INFO - Saving to database averages_month...
2024-04-07 00:25:21,491 - INFO - Saving to database averages_year...
2024-04-07 00:25:21,620 - INFO - Saving to database averages_season...
2024-04-07 00:25:21,706 - INFO - Saving to database averages_time_of_day...
2024-04-07 00:25:21,831 - INFO - Saving to database averages_years_average...
2024-04-07 00:25:22,144 - INFO - Model already exists. Skipping model creation and training.
2024-04-07 00:25:22,145 - INFO - Preparing Data for predictions ... 
2024-04-07 00:25:22,459 - INFO - Get training averages from db...
2024-04-07 00:25:22,508 - INFO - Predicting ... 
2024-04-07 00:25:22,527 - INFO - Retrieving True Labels...
2024-04-07 00:25:22,668 - INFO - Saving to database predictions...
2024-04-07 00:29:22,623 - INFO - Running api/main.py
2024-04-07 00:29:22,698 - INFO - Creating connection...
2024-04-07 00:29:22,706 - INFO - Connection created successfully
2024-04-07 00:29:22,762 - INFO - Refreshing database...
2024-04-07 00:29:23,031 - INFO - Getting data from Open Meteo API Client...
2024-04-07 00:29:23,228 - INFO - Saving to database weather...
2024-04-07 00:29:23,697 - INFO - Saving to database training...
2024-04-07 00:29:24,182 - INFO - Retrieving training data...
2024-04-07 00:29:53,721 - INFO - Saving to database averages_month...
2024-04-07 00:29:53,783 - INFO - Saving to database averages_year...
2024-04-07 00:29:53,830 - INFO - Saving to database averages_season...
2024-04-07 00:29:53,880 - INFO - Saving to database averages_time_of_day...
2024-04-07 00:29:53,938 - INFO - Saving to database averages_years_average...
2024-04-07 00:29:54,099 - INFO - Model already exists. Skipping model creation and training.
2024-04-07 00:29:54,100 - INFO - Preparing Data for predictions ... 
2024-04-07 00:29:54,466 - INFO - Get training averages from db...
2024-04-07 00:29:54,537 - INFO - Predicting ... 
2024-04-07 00:29:54,571 - INFO - Retrieving True Labels...
2024-04-07 00:29:54,832 - INFO - Saving to database predictions...
2024-04-07 00:38:21,879 - INFO - Running api/main.py
2024-04-07 00:38:21,881 - INFO - Creating connection...
2024-04-07 00:38:21,882 - INFO - Connection created successfully
2024-04-07 00:38:21,884 - INFO - Refreshing database...
2024-04-07 00:38:21,885 - INFO - Getting data from Open Meteo API Client...
2024-04-07 00:38:21,993 - INFO - Saving to database weather...
2024-04-07 00:38:22,310 - INFO - Saving to database training...
2024-04-07 00:38:22,885 - INFO - Retrieving training data...
2024-04-07 00:38:52,255 - INFO - Saving to database averages_month...
2024-04-07 00:38:52,300 - INFO - Saving to database averages_year...
2024-04-07 00:38:52,338 - INFO - Saving to database averages_season...
2024-04-07 00:38:52,375 - INFO - Saving to database averages_time_of_day...
2024-04-07 00:38:52,410 - INFO - Saving to database averages_years_average...
2024-04-07 00:38:52,509 - INFO - Model already exists. Skipping model creation and training.
2024-04-07 00:38:52,510 - INFO - Preparing Data for predictions ... 
2024-04-07 00:38:52,756 - INFO - Get training averages from db...
2024-04-07 00:38:52,786 - INFO - Predicting ... 
2024-04-07 00:38:52,796 - INFO - Retrieving True Labels...
2024-04-07 00:38:52,883 - INFO - Saving to database predictions...
2024-04-07 00:39:36,755 - INFO - Running api/main.py
2024-04-07 00:39:36,763 - INFO - Creating connection...
2024-04-07 00:39:36,765 - INFO - Connection created successfully
2024-04-07 00:39:36,765 - INFO - Refreshing database...
2024-04-07 00:39:36,767 - INFO - Getting data from Open Meteo API Client...
2024-04-07 00:39:36,905 - INFO - Saving to database weather...
2024-04-07 00:39:37,293 - INFO - Saving to database training...
2024-04-07 00:39:37,630 - INFO - Retrieving training data...
2024-04-07 00:40:08,557 - INFO - Saving to database averages_month...
2024-04-07 00:40:08,721 - INFO - Saving to database averages_year...
2024-04-07 00:40:08,827 - INFO - Saving to database averages_season...
2024-04-07 00:40:09,129 - INFO - Saving to database averages_time_of_day...
2024-04-07 00:40:09,331 - INFO - Saving to database averages_years_average...
2024-04-07 00:40:09,718 - INFO - Model already exists. Skipping model creation and training.
2024-04-07 00:40:10,071 - INFO - Preparing Data for predictions ... 
2024-04-07 00:40:10,435 - INFO - Get training averages from db...
2024-04-07 00:40:10,487 - INFO - Predicting ... 
2024-04-07 00:40:10,513 - INFO - Retrieving True Labels...
2024-04-07 00:40:10,635 - INFO - Saving to database predictions...
2024-04-07 00:42:48,691 - INFO - Running api/main.py
2024-04-07 00:42:48,693 - INFO - Creating connection...
2024-04-07 00:42:48,694 - INFO - Connection created successfully
2024-04-07 00:42:48,695 - INFO - Refreshing database...
2024-04-07 00:42:48,696 - INFO - Getting data from Open Meteo API Client...
2024-04-07 00:42:48,794 - INFO - Saving to database weather...
2024-04-07 00:42:49,078 - INFO - Saving to database training...
2024-04-07 00:42:49,400 - INFO - Retrieving training data...
2024-04-07 00:43:21,974 - INFO - Saving to database averages_month...
2024-04-07 00:43:22,025 - INFO - Saving to database averages_year...
2024-04-07 00:43:22,057 - INFO - Saving to database averages_season...
2024-04-07 00:43:22,104 - INFO - Saving to database averages_time_of_day...
2024-04-07 00:43:22,152 - INFO - Saving to database averages_years_average...
2024-04-07 00:43:22,243 - INFO - Model already exists. Skipping model creation and training.
2024-04-07 00:43:22,243 - INFO - Preparing Data for predictions ... 
2024-04-07 00:43:22,534 - INFO - Get training averages from db...
2024-04-07 00:43:22,573 - INFO - Predicting ... 
2024-04-07 00:43:22,629 - INFO - Retrieving True Labels...
2024-04-07 00:43:22,776 - INFO - Saving to database predictions...
